<<<<<<< HEAD
[2024-12-16 16:35:11] Login error: Attempting login for email: davidschmidt@gmail.com
[2024-12-16 16:35:11] Login error: Login successful for email: davidschmidt@gmail.com
[2024-12-17 23:58:52] Login error: Attempting login for email: davidschmidt@gmail.com
[2024-12-17 23:58:52] Login error: Login successful for email: davidschmidt@gmail.com
=======
[2024-12-16 17:05:31] Login error: Attempting login for email: zoeramirez@gmail.com
[2024-12-16 17:05:31] Login error: Login successful for email: zoeramirez@gmail.com
[2024-12-17 01:56:06] Login error: Attempting login for email: zoeramirez@gmail.com
[2024-12-17 01:56:07] Login error: Login successful for email: zoeramirez@gmail.com
[2024-12-17 01:57:00] Login error: Attempting login for email: attrodsan@alu.edu.gva.es
[2024-12-17 01:57:00] Login error: Login successful for email: attrodsan@alu.edu.gva.es
[2024-12-17 15:31:06] Login error: Attempting login for email: zoeramirez@gmail.com
[2024-12-17 15:31:06] Login error: Incorrect password for email: zoeramirez@gmail.com
[2024-12-17 15:32:32] Login error: Attempting login for email: zoeramirez@gmail.com
[2024-12-17 15:32:32] Login error: Login successful for email: zoeramirez@gmail.com
>>>>>>> 0750e502d26e1ed964443256302d6361b089731a
[2024-12-18 15:57:38] Login error: Attempting login for email: davidschmidt@gmail.com
[2024-12-18 15:57:38] Login error: Login successful for email: davidschmidt@gmail.com
[2024-12-18 16:07:09] Login error: Attempting login for email: davidschmidt@gmail.com
[2024-12-18 16:07:09] Login error: Login successful for email: davidschmidt@gmail.com
[2024-12-18 16:20:28] Login error: Attempting login for email: davidschmidt@gmail.com
[2024-12-18 16:20:28] Login error: Incorrect password for email: davidschmidt@gmail.com
[2024-12-18 16:20:37] Login error: Attempting login for email: davidschmidt@gmail.com
[2024-12-18 16:20:37] Login error: Incorrect password for email: davidschmidt@gmail.com
[2024-12-18 16:21:27] Login error: Attempting login for email: davidschmidt@gmail.com
[2024-12-18 16:21:27] Login error: Login successful for email: davidschmidt@gmail.com
[2024-12-18 16:30:51] Login error: Attempting login for email: davidschmidt@gmail.com
[2024-12-18 16:30:51] Login error: Login successful for email: davidschmidt@gmail.com
[2024-12-18 16:51:21] Login error: Attempting login for email: davidschmidt@gmail.com
[2024-12-18 16:51:21] Login error: Login successful for email: davidschmidt@gmail.com
[2024-12-18 16:52:53] Login error: Attempting login for email: davidschmidt@gmail.com
[2024-12-18 16:52:53] Login error: Login successful for email: davidschmidt@gmail.com
[2024-12-18 19:44:50] Login error: Attempting login for email: davidschmidt@gmail.com
[2024-12-18 19:44:50] Login error: Login successful for email: davidschmidt@gmail.com
